2022-11-12 12:38:17,307 => DEBUG : select parm_key, parm_value, value_type from sys_parm
2022-11-12 12:38:17,449 => DEBUG : ('data_maker.relogin_min', '182', 'int')
2022-11-12 12:38:17,449 => DEBUG : ('data_maker.relogin_rest_min', '300', 'int')
2022-11-12 12:38:17,449 => DEBUG : ('test.bool', 'True', 'bool')
2022-11-12 12:38:17,449 => DEBUG : ('test.float', '0.5', 'float')
2022-11-12 12:38:17,449 => DEBUG : ('test.json', '{"statusCode": 200, "data": {"totoal": "5", "height": "5.97", "weight": "10.30", "age": "11"}, "msg": "正确返回"}', 'json')
2022-11-12 12:38:17,449 => DEBUG : ('test.str', '测试数据', 'str')
2022-11-12 12:38:17,449 => DEBUG : ('time_maker.relogin_min', '30', 'int')
2022-11-12 12:38:17,449 => DEBUG : {'data_maker.relogin_min': 182, 'data_maker.relogin_rest_min': 300, 'test.bool': True, 'test.float': 0.5, 'test.json': {'statusCode': 200, 'data': {'totoal': '5', 'height': '5.97', 'weight': '10.30', 'age': '11'}, 'msg': '正确返回'}, 'test.str': '测试数据', 'time_maker.relogin_min': 30}
2022-11-12 12:38:17,525 => DEBUG : select country, type, value from tcn
2022-11-12 12:38:17,597 => DEBUG : ('ca', 2, 'trevel from outside is true')
2022-11-12 12:38:17,597 => DEBUG : ('gb', 2, 'condition tcn is true')
2022-11-12 12:38:17,598 => DEBUG : select city_name, city_cd from city
2022-11-12 12:38:17,639 => DEBUG : ('Calgary', '93')
2022-11-12 12:38:17,639 => DEBUG : ('Toronto', '94')
2022-11-12 12:38:17,639 => DEBUG : ('Vancouver', '95')
2022-11-12 12:38:17,639 => DEBUG : ('Belfast', '81')
2022-11-12 12:38:17,639 => DEBUG : ('London', '80')
2022-11-12 12:38:17,768 => DEBUG : 启动TimeMakerWs 0
2022-11-12 12:40:58,688 => DEBUG : select parm_key, parm_value, value_type from sys_parm
2022-11-12 12:40:58,688 => DEBUG : ('data_maker.relogin_min', '182', 'int')
2022-11-12 12:40:58,688 => DEBUG : ('data_maker.relogin_rest_min', '300', 'int')
2022-11-12 12:40:58,688 => DEBUG : ('test.bool', 'True', 'bool')
2022-11-12 12:40:58,688 => DEBUG : ('test.float', '0.5', 'float')
2022-11-12 12:40:58,688 => DEBUG : ('test.json', '{"statusCode": 200, "data": {"totoal": "5", "height": "5.97", "weight": "10.30", "age": "11"}, "msg": "正确返回"}', 'json')
2022-11-12 12:40:58,688 => DEBUG : ('test.str', '测试数据', 'str')
2022-11-12 12:40:58,688 => DEBUG : ('time_maker.relogin_min', '30', 'int')
2022-11-12 12:40:58,688 => DEBUG : {'data_maker.relogin_min': 182, 'data_maker.relogin_rest_min': 300, 'test.bool': True, 'test.float': 0.5, 'test.json': {'statusCode': 200, 'data': {'totoal': '5', 'height': '5.97', 'weight': '10.30', 'age': '11'}, 'msg': '正确返回'}, 'test.str': '测试数据', 'time_maker.relogin_min': 30}
2022-11-12 12:40:58,739 => DEBUG : select country, type, value from tcn
2022-11-12 12:40:58,740 => DEBUG : ('ca', 2, 'trevel from outside is true')
2022-11-12 12:40:58,740 => DEBUG : ('gb', 2, 'condition tcn is true')
2022-11-12 12:40:58,740 => DEBUG : select city_name, city_cd from city
2022-11-12 12:40:58,741 => DEBUG : ('Calgary', '93')
2022-11-12 12:40:58,741 => DEBUG : ('Toronto', '94')
2022-11-12 12:40:58,741 => DEBUG : ('Vancouver', '95')
2022-11-12 12:40:58,741 => DEBUG : ('Belfast', '81')
2022-11-12 12:40:58,741 => DEBUG : ('London', '80')
2022-11-12 12:40:58,824 => DEBUG : 启动TimeMakerWs 0
2022-11-12 15:01:54,943 => DEBUG : select parm_key, parm_value, value_type from sys_parm
2022-11-12 15:01:54,974 => DEBUG : ('data_maker.relogin_min', '182', 'int')
2022-11-12 15:01:54,974 => DEBUG : ('data_maker.relogin_rest_min', '300', 'int')
2022-11-12 15:01:54,975 => DEBUG : ('test.bool', 'True', 'bool')
2022-11-12 15:01:54,975 => DEBUG : ('test.float', '0.5', 'float')
2022-11-12 15:01:54,975 => DEBUG : ('test.json', '{"statusCode": 200, "data": {"totoal": "5", "height": "5.97", "weight": "10.30", "age": "11"}, "msg": "正确返回"}', 'json')
2022-11-12 15:01:54,975 => DEBUG : ('test.str', '测试数据', 'str')
2022-11-12 15:01:54,975 => DEBUG : ('time_maker.relogin_min', '30', 'int')
2022-11-12 15:01:54,976 => DEBUG : {'data_maker.relogin_min': 182, 'data_maker.relogin_rest_min': 300, 'test.bool': True, 'test.float': 0.5, 'test.json': {'statusCode': 200, 'data': {'totoal': '5', 'height': '5.97', 'weight': '10.30', 'age': '11'}, 'msg': '正确返回'}, 'test.str': '测试数据', 'time_maker.relogin_min': 30}
2022-11-12 15:01:55,037 => DEBUG : select country, type, value from tcn
2022-11-12 15:01:55,038 => DEBUG : ('ca', 2, 'trevel from outside is true')
2022-11-12 15:01:55,038 => DEBUG : ('gb', 2, 'condition tcn is true')
2022-11-12 15:01:55,039 => DEBUG : select city_name, city_cd from city
2022-11-12 15:01:55,040 => DEBUG : ('Calgary', '93')
2022-11-12 15:01:55,040 => DEBUG : ('Toronto', '94')
2022-11-12 15:01:55,040 => DEBUG : ('Vancouver', '95')
2022-11-12 15:01:55,040 => DEBUG : ('Belfast', '81')
2022-11-12 15:01:55,040 => DEBUG : ('London', '80')
